This file contains any messages produced by compilers while
running configure, to aid debugging if configure makes a mistake.

It was created by tanguband configure 16.0.0, which was
generated by GNU Autoconf 2.69.  Invocation command line was

  $ ./configure 

## --------- ##
## Platform. ##
## --------- ##

hostname = iMac.local
uname -m = x86_64
uname -r = 13.4.0
uname -s = Darwin
uname -v = Darwin Kernel Version 13.4.0: Mon Jan 11 18:17:34 PST 2016; root:xnu-2422.115.15~1/RELEASE_X86_64

/usr/bin/uname -p = i386
/bin/uname -X     = unknown

/bin/arch              = unknown
/usr/bin/arch -k       = unknown
/usr/convex/getsysinfo = unknown
/usr/bin/hostinfo      = Mach kernel version:
	 Darwin Kernel Version 13.4.0: Mon Jan 11 18:17:34 PST 2016; root:xnu-2422.115.15~1/RELEASE_X86_64
Kernel configured for up to 4 processors.
4 processors are physically available.
4 processors are logically available.
Processor type: i486 (Intel 80486)
Processors active: 0 1 2 3
Primary memory available: 8.00 gigabytes
Default processor set: 220 tasks, 995 threads, 4 processors
Load average: 2.37, Mach factor: 1.95
/bin/machine           = unknown
/usr/bin/oslevel       = unknown
/bin/universe          = unknown

PATH: /opt/local/bin
PATH: /opt/local/sbin
PATH: /usr/bin
PATH: /bin
PATH: /usr/sbin
PATH: /sbin
PATH: /usr/local/bin
PATH: /opt/X11/bin
PATH: /opt/X11/bin


## ----------- ##
## Core tests. ##
## ----------- ##

configure:2275: checking for a BSD-compatible install
configure:2343: result: /opt/local/bin/ginstall -c
configure:2354: checking whether build environment is sane
configure:2409: result: yes
configure:2560: checking for a thread-safe mkdir -p
configure:2599: result: /opt/local/bin/gmkdir -p
configure:2606: checking for gawk
configure:2622: found /opt/local/bin/gawk
configure:2633: result: gawk
configure:2644: checking whether make sets $(MAKE)
configure:2666: result: yes
configure:2695: checking whether make supports nested variables
configure:2712: result: yes
configure:2950: checking for gcc
configure:2966: found /usr/bin/gcc
configure:2977: result: gcc
configure:3206: checking for C compiler version
configure:3215: gcc --version >&5
Apple LLVM version 6.0 (clang-600.0.57) (based on LLVM 3.5svn)
Target: x86_64-apple-darwin13.4.0
Thread model: posix
Configured with: --prefix=/Applications/Xcode.app/Contents/Developer/usr --with-gxx-include-dir=/usr/include/c++/4.2.1
configure:3226: $? = 0
configure:3215: gcc -v >&5
Configured with: --prefix=/Applications/Xcode.app/Contents/Developer/usr --with-gxx-include-dir=/usr/include/c++/4.2.1
Apple LLVM version 6.0 (clang-600.0.57) (based on LLVM 3.5svn)
Target: x86_64-apple-darwin13.4.0
Thread model: posix
configure:3226: $? = 0
configure:3215: gcc -V >&5
clang: error: argument to '-V' is missing (expected 1 value)
clang: error: no input files
configure:3226: $? = 1
configure:3215: gcc -qversion >&5
clang: error: unknown argument: '-qversion'
clang: error: no input files
configure:3226: $? = 1
configure:3246: checking whether the C compiler works
configure:3268: gcc    conftest.c  >&5
configure:3272: $? = 0
configure:3320: result: yes
configure:3323: checking for C compiler default output file name
configure:3325: result: a.out
configure:3331: checking for suffix of executables
configure:3338: gcc -o conftest    conftest.c  >&5
configure:3342: $? = 0
configure:3364: result: 
configure:3386: checking whether we are cross compiling
configure:3394: gcc -o conftest    conftest.c  >&5
configure:3398: $? = 0
configure:3405: ./conftest
configure:3409: $? = 0
configure:3424: result: no
configure:3429: checking for suffix of object files
configure:3451: gcc -c   conftest.c >&5
configure:3455: $? = 0
configure:3476: result: o
configure:3480: checking whether we are using the GNU C compiler
configure:3499: gcc -c   conftest.c >&5
configure:3499: $? = 0
configure:3508: result: yes
configure:3517: checking whether gcc accepts -g
configure:3537: gcc -c -g  conftest.c >&5
configure:3537: $? = 0
configure:3578: result: yes
configure:3595: checking for gcc option to accept ISO C89
configure:3658: gcc  -c -g -O2  conftest.c >&5
configure:3658: $? = 0
configure:3671: result: none needed
configure:3696: checking whether gcc understands -c and -o together
configure:3718: gcc -c conftest.c -o conftest2.o
configure:3721: $? = 0
configure:3718: gcc -c conftest.c -o conftest2.o
configure:3721: $? = 0
configure:3733: result: yes
configure:3761: checking for style of include used by make
configure:3789: result: GNU
configure:3815: checking dependency style of gcc
configure:3926: result: gcc3
configure:3986: checking for initscr in -lncursesw
configure:4011: gcc -o conftest -g -O2   conftest.c -lncursesw   >&5
ld: library not found for -lncursesw
clang: error: linker command failed with exit code 1 (use -v to see invocation)
configure:4011: $? = 1
configure: failed program was:
| /* confdefs.h */
| #define PACKAGE_NAME "tanguband"
| #define PACKAGE_TARNAME "tanguband"
| #define PACKAGE_VERSION "16.0.0"
| #define PACKAGE_STRING "tanguband 16.0.0"
| #define PACKAGE_BUGREPORT ""
| #define PACKAGE_URL ""
| #define PACKAGE "tanguband"
| #define VERSION "16.0.0"
| #define DEFAULT_PATH "./lib/"
| #define JP 1
| #define EUC 1
| #define WORLD_SCORE 1
| /* end confdefs.h.  */
| 
| /* Override any GCC internal prototype to avoid an error.
|    Use char because int might match the return type of a GCC
|    builtin and then its argument prototype would still apply.  */
| #ifdef __cplusplus
| extern "C"
| #endif
| char initscr ();
| int
| main ()
| {
| return initscr ();
|   ;
|   return 0;
| }
configure:4020: result: no
configure:4031: checking for initscr in -lncurses
configure:4056: gcc -o conftest -g -O2   conftest.c -lncurses   >&5
configure:4056: $? = 0
configure:4065: result: yes
configure:4165: checking for iconv_open in -liconv
configure:4190: gcc -o conftest -g -O2   conftest.c -liconv   -lncurses >&5
configure:4190: $? = 0
configure:4199: result: yes
configure:4211: checking for /dev/urandom
configure:4224: result: yes
configure:4238: checking how to run the C preprocessor
configure:4269: gcc -E  conftest.c
configure:4269: $? = 0
configure:4283: gcc -E  conftest.c
conftest.c:19:10: fatal error: 'ac_nonexistent.h' file not found
#include <ac_nonexistent.h>
         ^
1 error generated.
configure:4283: $? = 1
configure: failed program was:
| /* confdefs.h */
| #define PACKAGE_NAME "tanguband"
| #define PACKAGE_TARNAME "tanguband"
| #define PACKAGE_VERSION "16.0.0"
| #define PACKAGE_STRING "tanguband 16.0.0"
| #define PACKAGE_BUGREPORT ""
| #define PACKAGE_URL ""
| #define PACKAGE "tanguband"
| #define VERSION "16.0.0"
| #define DEFAULT_PATH "./lib/"
| #define JP 1
| #define EUC 1
| #define WORLD_SCORE 1
| #define USE_GCU 1
| #define USE_NCURSES 1
| #define HAVE_LIBICONV 1
| #define RNG_DEVICE "/dev/urandom"
| /* end confdefs.h.  */
| #include <ac_nonexistent.h>
configure:4308: result: gcc -E
configure:4328: gcc -E  conftest.c
configure:4328: $? = 0
configure:4342: gcc -E  conftest.c
conftest.c:19:10: fatal error: 'ac_nonexistent.h' file not found
#include <ac_nonexistent.h>
         ^
1 error generated.
configure:4342: $? = 1
configure: failed program was:
| /* confdefs.h */
| #define PACKAGE_NAME "tanguband"
| #define PACKAGE_TARNAME "tanguband"
| #define PACKAGE_VERSION "16.0.0"
| #define PACKAGE_STRING "tanguband 16.0.0"
| #define PACKAGE_BUGREPORT ""
| #define PACKAGE_URL ""
| #define PACKAGE "tanguband"
| #define VERSION "16.0.0"
| #define DEFAULT_PATH "./lib/"
| #define JP 1
| #define EUC 1
| #define WORLD_SCORE 1
| #define USE_GCU 1
| #define USE_NCURSES 1
| #define HAVE_LIBICONV 1
| #define RNG_DEVICE "/dev/urandom"
| /* end confdefs.h.  */
| #include <ac_nonexistent.h>
configure:4371: checking for X
configure:4479: gcc -E  conftest.c
conftest.c:19:10: fatal error: 'X11/Xlib.h' file not found
#include <X11/Xlib.h>
         ^
1 error generated.
configure:4479: $? = 1
configure: failed program was:
| /* confdefs.h */
| #define PACKAGE_NAME "tanguband"
| #define PACKAGE_TARNAME "tanguband"
| #define PACKAGE_VERSION "16.0.0"
| #define PACKAGE_STRING "tanguband 16.0.0"
| #define PACKAGE_BUGREPORT ""
| #define PACKAGE_URL ""
| #define PACKAGE "tanguband"
| #define VERSION "16.0.0"
| #define DEFAULT_PATH "./lib/"
| #define JP 1
| #define EUC 1
| #define WORLD_SCORE 1
| #define USE_GCU 1
| #define USE_NCURSES 1
| #define HAVE_LIBICONV 1
| #define RNG_DEVICE "/dev/urandom"
| /* end confdefs.h.  */
| #include <X11/Xlib.h>
configure:4510: gcc -o conftest -g -O2   conftest.c -lX11 -liconv  -lncurses >&5
conftest.c:19:10: fatal error: 'X11/Xlib.h' file not found
#include <X11/Xlib.h>
         ^
1 error generated.
configure:4510: $? = 1
configure: failed program was:
| /* confdefs.h */
| #define PACKAGE_NAME "tanguband"
| #define PACKAGE_TARNAME "tanguband"
| #define PACKAGE_VERSION "16.0.0"
| #define PACKAGE_STRING "tanguband 16.0.0"
| #define PACKAGE_BUGREPORT ""
| #define PACKAGE_URL ""
| #define PACKAGE "tanguband"
| #define VERSION "16.0.0"
| #define DEFAULT_PATH "./lib/"
| #define JP 1
| #define EUC 1
| #define WORLD_SCORE 1
| #define USE_GCU 1
| #define USE_NCURSES 1
| #define HAVE_LIBICONV 1
| #define RNG_DEVICE "/dev/urandom"
| /* end confdefs.h.  */
| #include <X11/Xlib.h>
| int
| main ()
| {
| XrmInitialize ()
|   ;
|   return 0;
| }
configure:4560: result: libraries /usr/X11/lib, headers /usr/X11/include
configure:4580: checking whether -R must be followed by a space
configure:4596: gcc -o conftest -g -O2   conftest.c -liconv  -lncurses -R/usr/X11/lib >&5
clang: error: unknown argument: '-R/usr/X11/lib'
configure:4596: $? = 1
configure: failed program was:
| /* confdefs.h */
| #define PACKAGE_NAME "tanguband"
| #define PACKAGE_TARNAME "tanguband"
| #define PACKAGE_VERSION "16.0.0"
| #define PACKAGE_STRING "tanguband 16.0.0"
| #define PACKAGE_BUGREPORT ""
| #define PACKAGE_URL ""
| #define PACKAGE "tanguband"
| #define VERSION "16.0.0"
| #define DEFAULT_PATH "./lib/"
| #define JP 1
| #define EUC 1
| #define WORLD_SCORE 1
| #define USE_GCU 1
| #define USE_NCURSES 1
| #define HAVE_LIBICONV 1
| #define RNG_DEVICE "/dev/urandom"
| /* end confdefs.h.  */
| 
| int
| main ()
| {
| 
|   ;
|   return 0;
| }
configure:4613: gcc -o conftest -g -O2   conftest.c -liconv  -lncurses -R /usr/X11/lib >&5
clang: warning: argument unused during compilation: '-R'
ld: can't map file, errno=22 file '/usr/X11/lib' for architecture x86_64
clang: error: linker command failed with exit code 1 (use -v to see invocation)
configure:4613: $? = 1
configure: failed program was:
| /* confdefs.h */
| #define PACKAGE_NAME "tanguband"
| #define PACKAGE_TARNAME "tanguband"
| #define PACKAGE_VERSION "16.0.0"
| #define PACKAGE_STRING "tanguband 16.0.0"
| #define PACKAGE_BUGREPORT ""
| #define PACKAGE_URL ""
| #define PACKAGE "tanguband"
| #define VERSION "16.0.0"
| #define DEFAULT_PATH "./lib/"
| #define JP 1
| #define EUC 1
| #define WORLD_SCORE 1
| #define USE_GCU 1
| #define USE_NCURSES 1
| #define HAVE_LIBICONV 1
| #define RNG_DEVICE "/dev/urandom"
| /* end confdefs.h.  */
| 
| int
| main ()
| {
| 
|   ;
|   return 0;
| }
configure:4618: result: neither works
configure:4659: gcc -o conftest -g -O2   conftest.c -liconv  -lncurses  -L/usr/X11/lib -lX11 >&5
configure:4659: $? = 0
configure:4757: checking for gethostbyname
configure:4757: gcc -o conftest -g -O2   conftest.c -liconv  -lncurses >&5
configure:4757: $? = 0
configure:4757: result: yes
configure:4854: checking for connect
configure:4854: gcc -o conftest -g -O2   conftest.c -liconv  -lncurses >&5
configure:4854: $? = 0
configure:4854: result: yes
configure:4903: checking for remove
configure:4903: gcc -o conftest -g -O2   conftest.c -liconv  -lncurses >&5
configure:4903: $? = 0
configure:4903: result: yes
configure:4952: checking for shmat
configure:4952: gcc -o conftest -g -O2   conftest.c -liconv  -lncurses >&5
configure:4952: $? = 0
configure:4952: result: yes
configure:5010: checking for IceConnectionNumber in -lICE
configure:5035: gcc -o conftest -g -O2   -L/usr/X11/lib conftest.c -lICE  -liconv  -lncurses >&5
configure:5035: $? = 0
configure:5044: result: yes
configure:5089: checking for _Xsetlocale in -lX11
configure:5114: gcc -o conftest  -I/usr/X11/include -g -O2   -L/usr/X11/lib  conftest.c -lX11  -liconv  -lncurses -lX11 >&5
configure:5114: $? = 0
configure:5123: result: yes
configure:5131: checking for setlocale in -lxpg4
configure:5156: gcc -o conftest  -I/usr/X11/include -g -O2   -L/usr/X11/lib  conftest.c -lxpg4  -liconv  -lncurses -lX11 >&5
ld: library not found for -lxpg4
clang: error: linker command failed with exit code 1 (use -v to see invocation)
configure:5156: $? = 1
configure: failed program was:
| /* confdefs.h */
| #define PACKAGE_NAME "tanguband"
| #define PACKAGE_TARNAME "tanguband"
| #define PACKAGE_VERSION "16.0.0"
| #define PACKAGE_STRING "tanguband 16.0.0"
| #define PACKAGE_BUGREPORT ""
| #define PACKAGE_URL ""
| #define PACKAGE "tanguband"
| #define VERSION "16.0.0"
| #define DEFAULT_PATH "./lib/"
| #define JP 1
| #define EUC 1
| #define WORLD_SCORE 1
| #define USE_GCU 1
| #define USE_NCURSES 1
| #define HAVE_LIBICONV 1
| #define RNG_DEVICE "/dev/urandom"
| #define USE_X11 1
| #define USE_FONTSET 1
| #define USE_XIM 1
| #define USE_LOCALE 1
| #define DEFAULT_LOCALE "ja_JP.eucJP"
| #define X_LOCALE 1
| /* end confdefs.h.  */
| 
| /* Override any GCC internal prototype to avoid an error.
|    Use char because int might match the return type of a GCC
|    builtin and then its argument prototype would still apply.  */
| #ifdef __cplusplus
| extern "C"
| #endif
| char setlocale ();
| int
| main ()
| {
| return setlocale ();
|   ;
|   return 0;
| }
configure:5165: result: no
configure:5177: checking for nkf
configure:5193: found /opt/local/bin/nkf
configure:5204: result: yes
configure:5217: checking for grep that handles long lines and -e
configure:5275: result: /usr/bin/grep
configure:5280: checking for egrep
configure:5342: result: /usr/bin/grep -E
configure:5347: checking for ANSI C header files
configure:5367: gcc -c  -I/usr/X11/include -g -O2  conftest.c >&5
configure:5367: $? = 0
configure:5440: gcc -o conftest  -I/usr/X11/include -g -O2   -L/usr/X11/lib  conftest.c -liconv  -lncurses -lX11 >&5
configure:5440: $? = 0
configure:5440: ./conftest
configure:5440: $? = 0
configure:5451: result: yes
configure:5464: checking for sys/types.h
configure:5464: gcc -c  -I/usr/X11/include -g -O2  conftest.c >&5
configure:5464: $? = 0
configure:5464: result: yes
configure:5464: checking for sys/stat.h
configure:5464: gcc -c  -I/usr/X11/include -g -O2  conftest.c >&5
configure:5464: $? = 0
configure:5464: result: yes
configure:5464: checking for stdlib.h
configure:5464: gcc -c  -I/usr/X11/include -g -O2  conftest.c >&5
configure:5464: $? = 0
configure:5464: result: yes
configure:5464: checking for string.h
configure:5464: gcc -c  -I/usr/X11/include -g -O2  conftest.c >&5
configure:5464: $? = 0
configure:5464: result: yes
configure:5464: checking for memory.h
configure:5464: gcc -c  -I/usr/X11/include -g -O2  conftest.c >&5
configure:5464: $? = 0
configure:5464: result: yes
configure:5464: checking for strings.h
configure:5464: gcc -c  -I/usr/X11/include -g -O2  conftest.c >&5
configure:5464: $? = 0
configure:5464: result: yes
configure:5464: checking for inttypes.h
configure:5464: gcc -c  -I/usr/X11/include -g -O2  conftest.c >&5
configure:5464: $? = 0
configure:5464: result: yes
configure:5464: checking for stdint.h
configure:5464: gcc -c  -I/usr/X11/include -g -O2  conftest.c >&5
configure:5464: $? = 0
configure:5464: result: yes
configure:5464: checking for unistd.h
configure:5464: gcc -c  -I/usr/X11/include -g -O2  conftest.c >&5
configure:5464: $? = 0
configure:5464: result: yes
configure:5479: checking fcntl.h usability
configure:5479: gcc -c  -I/usr/X11/include -g -O2  conftest.c >&5
configure:5479: $? = 0
configure:5479: result: yes
configure:5479: checking fcntl.h presence
configure:5479: gcc -E  conftest.c
configure:5479: $? = 0
configure:5479: result: yes
configure:5479: checking for fcntl.h
configure:5479: result: yes
configure:5479: checking for strings.h
configure:5479: result: yes
configure:5479: checking sys/file.h usability
configure:5479: gcc -c  -I/usr/X11/include -g -O2  conftest.c >&5
configure:5479: $? = 0
configure:5479: result: yes
configure:5479: checking sys/file.h presence
configure:5479: gcc -E  conftest.c
configure:5479: $? = 0
configure:5479: result: yes
configure:5479: checking for sys/file.h
configure:5479: result: yes
configure:5479: checking sys/ioctl.h usability
configure:5479: gcc -c  -I/usr/X11/include -g -O2  conftest.c >&5
configure:5479: $? = 0
configure:5479: result: yes
configure:5479: checking sys/ioctl.h presence
configure:5479: gcc -E  conftest.c
configure:5479: $? = 0
configure:5479: result: yes
configure:5479: checking for sys/ioctl.h
configure:5479: result: yes
configure:5479: checking sys/time.h usability
configure:5479: gcc -c  -I/usr/X11/include -g -O2  conftest.c >&5
configure:5479: $? = 0
configure:5479: result: yes
configure:5479: checking sys/time.h presence
configure:5479: gcc -E  conftest.c
configure:5479: $? = 0
configure:5479: result: yes
configure:5479: checking for sys/time.h
configure:5479: result: yes
configure:5479: checking termio.h usability
configure:5479: gcc -c  -I/usr/X11/include -g -O2  conftest.c >&5
conftest.c:73:10: fatal error: 'termio.h' file not found
#include <termio.h>
         ^
1 error generated.
configure:5479: $? = 1
configure: failed program was:
| /* confdefs.h */
| #define PACKAGE_NAME "tanguband"
| #define PACKAGE_TARNAME "tanguband"
| #define PACKAGE_VERSION "16.0.0"
| #define PACKAGE_STRING "tanguband 16.0.0"
| #define PACKAGE_BUGREPORT ""
| #define PACKAGE_URL ""
| #define PACKAGE "tanguband"
| #define VERSION "16.0.0"
| #define DEFAULT_PATH "./lib/"
| #define JP 1
| #define EUC 1
| #define WORLD_SCORE 1
| #define USE_GCU 1
| #define USE_NCURSES 1
| #define HAVE_LIBICONV 1
| #define RNG_DEVICE "/dev/urandom"
| #define USE_X11 1
| #define USE_FONTSET 1
| #define USE_XIM 1
| #define USE_LOCALE 1
| #define DEFAULT_LOCALE "ja_JP.eucJP"
| #define X_LOCALE 1
| #define STDC_HEADERS 1
| #define HAVE_SYS_TYPES_H 1
| #define HAVE_SYS_STAT_H 1
| #define HAVE_STDLIB_H 1
| #define HAVE_STRING_H 1
| #define HAVE_MEMORY_H 1
| #define HAVE_STRINGS_H 1
| #define HAVE_INTTYPES_H 1
| #define HAVE_STDINT_H 1
| #define HAVE_UNISTD_H 1
| #define HAVE_FCNTL_H 1
| #define HAVE_STRINGS_H 1
| #define HAVE_SYS_FILE_H 1
| #define HAVE_SYS_IOCTL_H 1
| #define HAVE_SYS_TIME_H 1
| /* end confdefs.h.  */
| #include <stdio.h>
| #ifdef HAVE_SYS_TYPES_H
| # include <sys/types.h>
| #endif
| #ifdef HAVE_SYS_STAT_H
| # include <sys/stat.h>
| #endif
| #ifdef STDC_HEADERS
| # include <stdlib.h>
| # include <stddef.h>
| #else
| # ifdef HAVE_STDLIB_H
| #  include <stdlib.h>
| # endif
| #endif
| #ifdef HAVE_STRING_H
| # if !defined STDC_HEADERS && defined HAVE_MEMORY_H
| #  include <memory.h>
| # endif
| # include <string.h>
| #endif
| #ifdef HAVE_STRINGS_H
| # include <strings.h>
| #endif
| #ifdef HAVE_INTTYPES_H
| # include <inttypes.h>
| #endif
| #ifdef HAVE_STDINT_H
| # include <stdint.h>
| #endif
| #ifdef HAVE_UNISTD_H
| # include <unistd.h>
| #endif
| #include <termio.h>
configure:5479: result: no
configure:5479: checking termio.h presence
configure:5479: gcc -E  conftest.c
conftest.c:40:10: fatal error: 'termio.h' file not found
#include <termio.h>
         ^
1 error generated.
configure:5479: $? = 1
configure: failed program was:
| /* confdefs.h */
| #define PACKAGE_NAME "tanguband"
| #define PACKAGE_TARNAME "tanguband"
| #define PACKAGE_VERSION "16.0.0"
| #define PACKAGE_STRING "tanguband 16.0.0"
| #define PACKAGE_BUGREPORT ""
| #define PACKAGE_URL ""
| #define PACKAGE "tanguband"
| #define VERSION "16.0.0"
| #define DEFAULT_PATH "./lib/"
| #define JP 1
| #define EUC 1
| #define WORLD_SCORE 1
| #define USE_GCU 1
| #define USE_NCURSES 1
| #define HAVE_LIBICONV 1
| #define RNG_DEVICE "/dev/urandom"
| #define USE_X11 1
| #define USE_FONTSET 1
| #define USE_XIM 1
| #define USE_LOCALE 1
| #define DEFAULT_LOCALE "ja_JP.eucJP"
| #define X_LOCALE 1
| #define STDC_HEADERS 1
| #define HAVE_SYS_TYPES_H 1
| #define HAVE_SYS_STAT_H 1
| #define HAVE_STDLIB_H 1
| #define HAVE_STRING_H 1
| #define HAVE_MEMORY_H 1
| #define HAVE_STRINGS_H 1
| #define HAVE_INTTYPES_H 1
| #define HAVE_STDINT_H 1
| #define HAVE_UNISTD_H 1
| #define HAVE_FCNTL_H 1
| #define HAVE_STRINGS_H 1
| #define HAVE_SYS_FILE_H 1
| #define HAVE_SYS_IOCTL_H 1
| #define HAVE_SYS_TIME_H 1
| /* end confdefs.h.  */
| #include <termio.h>
configure:5479: result: no
configure:5479: checking for termio.h
configure:5479: result: no
configure:5479: checking for unistd.h
configure:5479: result: yes
configure:5479: checking for stdint.h
configure:5479: result: yes
configure:5490: checking for an ANSI C-conforming const
configure:5556: gcc -c  -I/usr/X11/include -g -O2  conftest.c >&5
configure:5556: $? = 0
configure:5563: result: yes
configure:5571: checking for pid_t
configure:5571: gcc -c  -I/usr/X11/include -g -O2  conftest.c >&5
configure:5571: $? = 0
configure:5571: gcc -c  -I/usr/X11/include -g -O2  conftest.c >&5
conftest.c:78:20: error: expected expression
if (sizeof ((pid_t)))
                   ^
1 error generated.
configure:5571: $? = 1
configure: failed program was:
| /* confdefs.h */
| #define PACKAGE_NAME "tanguband"
| #define PACKAGE_TARNAME "tanguband"
| #define PACKAGE_VERSION "16.0.0"
| #define PACKAGE_STRING "tanguband 16.0.0"
| #define PACKAGE_BUGREPORT ""
| #define PACKAGE_URL ""
| #define PACKAGE "tanguband"
| #define VERSION "16.0.0"
| #define DEFAULT_PATH "./lib/"
| #define JP 1
| #define EUC 1
| #define WORLD_SCORE 1
| #define USE_GCU 1
| #define USE_NCURSES 1
| #define HAVE_LIBICONV 1
| #define RNG_DEVICE "/dev/urandom"
| #define USE_X11 1
| #define USE_FONTSET 1
| #define USE_XIM 1
| #define USE_LOCALE 1
| #define DEFAULT_LOCALE "ja_JP.eucJP"
| #define X_LOCALE 1
| #define STDC_HEADERS 1
| #define HAVE_SYS_TYPES_H 1
| #define HAVE_SYS_STAT_H 1
| #define HAVE_STDLIB_H 1
| #define HAVE_STRING_H 1
| #define HAVE_MEMORY_H 1
| #define HAVE_STRINGS_H 1
| #define HAVE_INTTYPES_H 1
| #define HAVE_STDINT_H 1
| #define HAVE_UNISTD_H 1
| #define HAVE_FCNTL_H 1
| #define HAVE_STRINGS_H 1
| #define HAVE_SYS_FILE_H 1
| #define HAVE_SYS_IOCTL_H 1
| #define HAVE_SYS_TIME_H 1
| #define HAVE_UNISTD_H 1
| #define HAVE_STDINT_H 1
| /* end confdefs.h.  */
| #include <stdio.h>
| #ifdef HAVE_SYS_TYPES_H
| # include <sys/types.h>
| #endif
| #ifdef HAVE_SYS_STAT_H
| # include <sys/stat.h>
| #endif
| #ifdef STDC_HEADERS
| # include <stdlib.h>
| # include <stddef.h>
| #else
| # ifdef HAVE_STDLIB_H
| #  include <stdlib.h>
| # endif
| #endif
| #ifdef HAVE_STRING_H
| # if !defined STDC_HEADERS && defined HAVE_MEMORY_H
| #  include <memory.h>
| # endif
| # include <string.h>
| #endif
| #ifdef HAVE_STRINGS_H
| # include <strings.h>
| #endif
| #ifdef HAVE_INTTYPES_H
| # include <inttypes.h>
| #endif
| #ifdef HAVE_STDINT_H
| # include <stdint.h>
| #endif
| #ifdef HAVE_UNISTD_H
| # include <unistd.h>
| #endif
| int
| main ()
| {
| if (sizeof ((pid_t)))
| 	    return 0;
|   ;
|   return 0;
| }
configure:5571: result: yes
configure:5582: checking for size_t
configure:5582: gcc -c  -I/usr/X11/include -g -O2  conftest.c >&5
configure:5582: $? = 0
configure:5582: gcc -c  -I/usr/X11/include -g -O2  conftest.c >&5
conftest.c:78:21: error: expected expression
if (sizeof ((size_t)))
                    ^
1 error generated.
configure:5582: $? = 1
configure: failed program was:
| /* confdefs.h */
| #define PACKAGE_NAME "tanguband"
| #define PACKAGE_TARNAME "tanguband"
| #define PACKAGE_VERSION "16.0.0"
| #define PACKAGE_STRING "tanguband 16.0.0"
| #define PACKAGE_BUGREPORT ""
| #define PACKAGE_URL ""
| #define PACKAGE "tanguband"
| #define VERSION "16.0.0"
| #define DEFAULT_PATH "./lib/"
| #define JP 1
| #define EUC 1
| #define WORLD_SCORE 1
| #define USE_GCU 1
| #define USE_NCURSES 1
| #define HAVE_LIBICONV 1
| #define RNG_DEVICE "/dev/urandom"
| #define USE_X11 1
| #define USE_FONTSET 1
| #define USE_XIM 1
| #define USE_LOCALE 1
| #define DEFAULT_LOCALE "ja_JP.eucJP"
| #define X_LOCALE 1
| #define STDC_HEADERS 1
| #define HAVE_SYS_TYPES_H 1
| #define HAVE_SYS_STAT_H 1
| #define HAVE_STDLIB_H 1
| #define HAVE_STRING_H 1
| #define HAVE_MEMORY_H 1
| #define HAVE_STRINGS_H 1
| #define HAVE_INTTYPES_H 1
| #define HAVE_STDINT_H 1
| #define HAVE_UNISTD_H 1
| #define HAVE_FCNTL_H 1
| #define HAVE_STRINGS_H 1
| #define HAVE_SYS_FILE_H 1
| #define HAVE_SYS_IOCTL_H 1
| #define HAVE_SYS_TIME_H 1
| #define HAVE_UNISTD_H 1
| #define HAVE_STDINT_H 1
| /* end confdefs.h.  */
| #include <stdio.h>
| #ifdef HAVE_SYS_TYPES_H
| # include <sys/types.h>
| #endif
| #ifdef HAVE_SYS_STAT_H
| # include <sys/stat.h>
| #endif
| #ifdef STDC_HEADERS
| # include <stdlib.h>
| # include <stddef.h>
| #else
| # ifdef HAVE_STDLIB_H
| #  include <stdlib.h>
| # endif
| #endif
| #ifdef HAVE_STRING_H
| # if !defined STDC_HEADERS && defined HAVE_MEMORY_H
| #  include <memory.h>
| # endif
| # include <string.h>
| #endif
| #ifdef HAVE_STRINGS_H
| # include <strings.h>
| #endif
| #ifdef HAVE_INTTYPES_H
| # include <inttypes.h>
| #endif
| #ifdef HAVE_STDINT_H
| # include <stdint.h>
| #endif
| #ifdef HAVE_UNISTD_H
| # include <unistd.h>
| #endif
| int
| main ()
| {
| if (sizeof ((size_t)))
| 	    return 0;
|   ;
|   return 0;
| }
configure:5582: result: yes
configure:5593: checking whether time.h and sys/time.h may both be included
configure:5613: gcc -c  -I/usr/X11/include -g -O2  conftest.c >&5
configure:5613: $? = 0
configure:5620: result: yes
configure:5628: checking whether struct tm is in sys/time.h or time.h
configure:5648: gcc -c  -I/usr/X11/include -g -O2  conftest.c >&5
configure:5648: $? = 0
configure:5655: result: time.h
configure:5665: checking whether gcc needs -traditional
conftest.c:43:10: fatal error: 'termio.h' file not found
#include <termio.h>
         ^
1 error generated.
configure:5699: result: no
configure:5706: checking for working memcmp
configure:5749: gcc -o conftest  -I/usr/X11/include -g -O2   -L/usr/X11/lib  conftest.c -liconv  -lncurses -lX11 >&5
configure:5749: $? = 0
configure:5749: ./conftest
configure:5749: $? = 0
configure:5759: result: yes
configure:5768: checking return type of signal handlers
configure:5786: gcc -c  -I/usr/X11/include -g -O2  conftest.c >&5
conftest.c:49:8: error: indirection requires pointer operand ('void' invalid)
return *(signal (0, 0)) (0) == 1;
       ^~~~~~~~~~~~~~~~~~~~
1 error generated.
configure:5786: $? = 1
configure: failed program was:
| /* confdefs.h */
| #define PACKAGE_NAME "tanguband"
| #define PACKAGE_TARNAME "tanguband"
| #define PACKAGE_VERSION "16.0.0"
| #define PACKAGE_STRING "tanguband 16.0.0"
| #define PACKAGE_BUGREPORT ""
| #define PACKAGE_URL ""
| #define PACKAGE "tanguband"
| #define VERSION "16.0.0"
| #define DEFAULT_PATH "./lib/"
| #define JP 1
| #define EUC 1
| #define WORLD_SCORE 1
| #define USE_GCU 1
| #define USE_NCURSES 1
| #define HAVE_LIBICONV 1
| #define RNG_DEVICE "/dev/urandom"
| #define USE_X11 1
| #define USE_FONTSET 1
| #define USE_XIM 1
| #define USE_LOCALE 1
| #define DEFAULT_LOCALE "ja_JP.eucJP"
| #define X_LOCALE 1
| #define STDC_HEADERS 1
| #define HAVE_SYS_TYPES_H 1
| #define HAVE_SYS_STAT_H 1
| #define HAVE_STDLIB_H 1
| #define HAVE_STRING_H 1
| #define HAVE_MEMORY_H 1
| #define HAVE_STRINGS_H 1
| #define HAVE_INTTYPES_H 1
| #define HAVE_STDINT_H 1
| #define HAVE_UNISTD_H 1
| #define HAVE_FCNTL_H 1
| #define HAVE_STRINGS_H 1
| #define HAVE_SYS_FILE_H 1
| #define HAVE_SYS_IOCTL_H 1
| #define HAVE_SYS_TIME_H 1
| #define HAVE_UNISTD_H 1
| #define HAVE_STDINT_H 1
| #define TIME_WITH_SYS_TIME 1
| /* end confdefs.h.  */
| #include <sys/types.h>
| #include <signal.h>
| 
| int
| main ()
| {
| return *(signal (0, 0)) (0) == 1;
|   ;
|   return 0;
| }
configure:5793: result: void
configure:5803: checking for strftime
configure:5803: gcc -o conftest  -I/usr/X11/include -g -O2   -L/usr/X11/lib  conftest.c -liconv  -lncurses -lX11 >&5
configure:5803: $? = 0
configure:5803: result: yes
configure:5858: checking for vprintf
configure:5858: gcc -o conftest  -I/usr/X11/include -g -O2   -L/usr/X11/lib  conftest.c -liconv  -lncurses -lX11 >&5
conftest.c:68:6: warning: incompatible redeclaration of library function 'vprintf' [-Wincompatible-library-redeclaration]
char vprintf ();
     ^
conftest.c:68:6: note: 'vprintf' is a builtin with type 'int (const char *, __va_list_tag *)'
1 warning generated.
configure:5858: $? = 0
configure:5858: result: yes
configure:5864: checking for _doprnt
configure:5864: gcc -o conftest  -I/usr/X11/include -g -O2   -L/usr/X11/lib  conftest.c -liconv  -lncurses -lX11 >&5
Undefined symbols for architecture x86_64:
  "__doprnt", referenced from:
      _main in conftest-6a5c60.o
ld: symbol(s) not found for architecture x86_64
clang: error: linker command failed with exit code 1 (use -v to see invocation)
configure:5864: $? = 1
configure: failed program was:
| /* confdefs.h */
| #define PACKAGE_NAME "tanguband"
| #define PACKAGE_TARNAME "tanguband"
| #define PACKAGE_VERSION "16.0.0"
| #define PACKAGE_STRING "tanguband 16.0.0"
| #define PACKAGE_BUGREPORT ""
| #define PACKAGE_URL ""
| #define PACKAGE "tanguband"
| #define VERSION "16.0.0"
| #define DEFAULT_PATH "./lib/"
| #define JP 1
| #define EUC 1
| #define WORLD_SCORE 1
| #define USE_GCU 1
| #define USE_NCURSES 1
| #define HAVE_LIBICONV 1
| #define RNG_DEVICE "/dev/urandom"
| #define USE_X11 1
| #define USE_FONTSET 1
| #define USE_XIM 1
| #define USE_LOCALE 1
| #define DEFAULT_LOCALE "ja_JP.eucJP"
| #define X_LOCALE 1
| #define STDC_HEADERS 1
| #define HAVE_SYS_TYPES_H 1
| #define HAVE_SYS_STAT_H 1
| #define HAVE_STDLIB_H 1
| #define HAVE_STRING_H 1
| #define HAVE_MEMORY_H 1
| #define HAVE_STRINGS_H 1
| #define HAVE_INTTYPES_H 1
| #define HAVE_STDINT_H 1
| #define HAVE_UNISTD_H 1
| #define HAVE_FCNTL_H 1
| #define HAVE_STRINGS_H 1
| #define HAVE_SYS_FILE_H 1
| #define HAVE_SYS_IOCTL_H 1
| #define HAVE_SYS_TIME_H 1
| #define HAVE_UNISTD_H 1
| #define HAVE_STDINT_H 1
| #define TIME_WITH_SYS_TIME 1
| #define RETSIGTYPE void
| #define HAVE_STRFTIME 1
| #define HAVE_VPRINTF 1
| /* end confdefs.h.  */
| /* Define _doprnt to an innocuous variant, in case <limits.h> declares _doprnt.
|    For example, HP-UX 11i <limits.h> declares gettimeofday.  */
| #define _doprnt innocuous__doprnt
| 
| /* System header to define __stub macros and hopefully few prototypes,
|     which can conflict with char _doprnt (); below.
|     Prefer <limits.h> to <assert.h> if __STDC__ is defined, since
|     <limits.h> exists even on freestanding compilers.  */
| 
| #ifdef __STDC__
| # include <limits.h>
| #else
| # include <assert.h>
| #endif
| 
| #undef _doprnt
| 
| /* Override any GCC internal prototype to avoid an error.
|    Use char because int might match the return type of a GCC
|    builtin and then its argument prototype would still apply.  */
| #ifdef __cplusplus
| extern "C"
| #endif
| char _doprnt ();
| /* The GNU C library defines this for functions which it implements
|     to always fail with ENOSYS.  Some functions are actually named
|     something starting with __ and the normal name is an alias.  */
| #if defined __stub__doprnt || defined __stub____doprnt
| choke me
| #endif
| 
| int
| main ()
| {
| return _doprnt ();
|   ;
|   return 0;
| }
configure:5864: result: no
configure:5878: checking for gethostname
configure:5878: gcc -o conftest  -I/usr/X11/include -g -O2   -L/usr/X11/lib  conftest.c -liconv  -lncurses -lX11 >&5
configure:5878: $? = 0
configure:5878: result: yes
configure:5878: checking for mkdir
configure:5878: gcc -o conftest  -I/usr/X11/include -g -O2   -L/usr/X11/lib  conftest.c -liconv  -lncurses -lX11 >&5
configure:5878: $? = 0
configure:5878: result: yes
configure:5878: checking for select
configure:5878: gcc -o conftest  -I/usr/X11/include -g -O2   -L/usr/X11/lib  conftest.c -liconv  -lncurses -lX11 >&5
configure:5878: $? = 0
configure:5878: result: yes
configure:5878: checking for socket
configure:5878: gcc -o conftest  -I/usr/X11/include -g -O2   -L/usr/X11/lib  conftest.c -liconv  -lncurses -lX11 >&5
configure:5878: $? = 0
configure:5878: result: yes
configure:5878: checking for strtol
configure:5878: gcc -o conftest  -I/usr/X11/include -g -O2   -L/usr/X11/lib  conftest.c -liconv  -lncurses -lX11 >&5
configure:5878: $? = 0
configure:5878: result: yes
configure:5878: checking for vsnprintf
configure:5878: gcc -o conftest  -I/usr/X11/include -g -O2   -L/usr/X11/lib  conftest.c -liconv  -lncurses -lX11 >&5
conftest.c:74:6: warning: incompatible redeclaration of library function 'vsnprintf' [-Wincompatible-library-redeclaration]
char vsnprintf ();
     ^
conftest.c:74:6: note: 'vsnprintf' is a builtin with type 'int (char *, unsigned long, const char *, __va_list_tag *)'
1 warning generated.
configure:5878: $? = 0
configure:5878: result: yes
configure:5878: checking for mkstemp
configure:5878: gcc -o conftest  -I/usr/X11/include -g -O2   -L/usr/X11/lib  conftest.c -liconv  -lncurses -lX11 >&5
configure:5878: $? = 0
configure:5878: result: yes
configure:5878: checking for usleep
configure:5878: gcc -o conftest  -I/usr/X11/include -g -O2   -L/usr/X11/lib  conftest.c -liconv  -lncurses -lX11 >&5
configure:5878: $? = 0
configure:5878: result: yes
configure:5999: checking that generated files are newer than configure
configure:6005: result: done
configure:6032: creating ./config.status

## ---------------------- ##
## Running config.status. ##
## ---------------------- ##

This file was extended by tanguband config.status 16.0.0, which was
generated by GNU Autoconf 2.69.  Invocation command line was

  CONFIG_FILES    = 
  CONFIG_HEADERS  = 
  CONFIG_LINKS    = 
  CONFIG_COMMANDS = 
  $ ./config.status 

on iMac.local

config.status:913: creating Makefile
config.status:913: creating src/Makefile
config.status:913: creating lib/Makefile
config.status:913: creating lib/apex/Makefile
config.status:913: creating lib/bone/Makefile
config.status:913: creating lib/data/Makefile
config.status:913: creating lib/edit/Makefile
config.status:913: creating lib/file/Makefile
config.status:913: creating lib/help/Makefile
config.status:913: creating lib/info/Makefile
config.status:913: creating lib/pref/Makefile
config.status:913: creating lib/save/Makefile
config.status:913: creating lib/script/Makefile
config.status:913: creating lib/user/Makefile
config.status:913: creating lib/xtra/Makefile
config.status:913: creating lib/xtra/font/Makefile
config.status:913: creating lib/xtra/graf/Makefile
config.status:913: creating lib/xtra/music/Makefile
config.status:913: creating lib/xtra/sound/Makefile
config.status:913: creating src/autoconf.h
config.status:1094: src/autoconf.h is unchanged
config.status:1142: executing depfiles commands

## ---------------- ##
## Cache variables. ##
## ---------------- ##

ac_cv_c_compiler_gnu=yes
ac_cv_c_const=yes
ac_cv_env_CC_set=
ac_cv_env_CC_value=
ac_cv_env_CFLAGS_set=
ac_cv_env_CFLAGS_value=
ac_cv_env_CPPFLAGS_set=
ac_cv_env_CPPFLAGS_value=
ac_cv_env_CPP_set=
ac_cv_env_CPP_value=
ac_cv_env_LDFLAGS_set=
ac_cv_env_LDFLAGS_value=
ac_cv_env_LIBS_set=
ac_cv_env_LIBS_value=
ac_cv_env_XMKMF_set=
ac_cv_env_XMKMF_value=
ac_cv_env_build_alias_set=
ac_cv_env_build_alias_value=
ac_cv_env_host_alias_set=
ac_cv_env_host_alias_value=
ac_cv_env_target_alias_set=
ac_cv_env_target_alias_value=
ac_cv_file__dev_urandom=yes
ac_cv_func__doprnt=no
ac_cv_func_connect=yes
ac_cv_func_gethostbyname=yes
ac_cv_func_gethostname=yes
ac_cv_func_memcmp_working=yes
ac_cv_func_mkdir=yes
ac_cv_func_mkstemp=yes
ac_cv_func_remove=yes
ac_cv_func_select=yes
ac_cv_func_shmat=yes
ac_cv_func_socket=yes
ac_cv_func_strftime=yes
ac_cv_func_strtol=yes
ac_cv_func_usleep=yes
ac_cv_func_vprintf=yes
ac_cv_func_vsnprintf=yes
ac_cv_have_x='have_x=yes	ac_x_includes='\''/usr/X11/include'\''	ac_x_libraries='\''/usr/X11/lib'\'''
ac_cv_header_fcntl_h=yes
ac_cv_header_inttypes_h=yes
ac_cv_header_memory_h=yes
ac_cv_header_stdc=yes
ac_cv_header_stdint_h=yes
ac_cv_header_stdlib_h=yes
ac_cv_header_string_h=yes
ac_cv_header_strings_h=yes
ac_cv_header_sys_file_h=yes
ac_cv_header_sys_ioctl_h=yes
ac_cv_header_sys_stat_h=yes
ac_cv_header_sys_time_h=yes
ac_cv_header_sys_types_h=yes
ac_cv_header_termio_h=no
ac_cv_header_time=yes
ac_cv_header_unistd_h=yes
ac_cv_lib_ICE_IceConnectionNumber=yes
ac_cv_lib_X11__Xsetlocale=yes
ac_cv_lib_iconv_iconv_open=yes
ac_cv_lib_ncurses_initscr=yes
ac_cv_lib_ncursesw_initscr=no
ac_cv_lib_xpg4_setlocale=no
ac_cv_objext=o
ac_cv_path_EGREP='/usr/bin/grep -E'
ac_cv_path_GREP=/usr/bin/grep
ac_cv_path_install='/opt/local/bin/ginstall -c'
ac_cv_path_mkdir=/opt/local/bin/gmkdir
ac_cv_prog_AWK=gawk
ac_cv_prog_CPP='gcc -E'
ac_cv_prog_NKF=yes
ac_cv_prog_ac_ct_CC=gcc
ac_cv_prog_cc_c89=
ac_cv_prog_cc_g=yes
ac_cv_prog_gcc_traditional=no
ac_cv_prog_make_make_set=yes
ac_cv_struct_tm=time.h
ac_cv_type_pid_t=yes
ac_cv_type_signal=void
ac_cv_type_size_t=yes
am_cv_CC_dependencies_compiler_type=gcc3
am_cv_make_support_nested_variables=yes
am_cv_prog_cc_c_o=yes

## ----------------- ##
## Output variables. ##
## ----------------- ##

ACLOCAL='${SHELL} /Users/nabe/desktop/tanguband/missing aclocal-1.15'
AMDEPBACKSLASH='\'
AMDEP_FALSE='#'
AMDEP_TRUE=''
AMTAR='$${TAR-tar}'
AM_BACKSLASH='\'
AM_DEFAULT_V='$(AM_DEFAULT_VERBOSITY)'
AM_DEFAULT_VERBOSITY='1'
AM_V='$(V)'
AUTOCONF='${SHELL} /Users/nabe/desktop/tanguband/missing autoconf'
AUTOHEADER='${SHELL} /Users/nabe/desktop/tanguband/missing autoheader'
AUTOMAKE='${SHELL} /Users/nabe/desktop/tanguband/missing automake-1.15'
AWK='gawk'
CC='gcc'
CCDEPMODE='depmode=gcc3'
CFLAGS=' -I/usr/X11/include -g -O2'
CPP='gcc -E'
CPPFLAGS=''
CYGPATH_W='echo'
DEFAULT_PATH='./lib/'
DEFS='-DHAVE_CONFIG_H'
DEPDIR='.deps'
ECHO_C='\c'
ECHO_N=''
ECHO_T=''
EGREP='/usr/bin/grep -E'
EXEEXT=''
GAMEGROUP=''
GREP='/usr/bin/grep'
INSTALL_DATA='${INSTALL} -m 644'
INSTALL_PROGRAM='${INSTALL}'
INSTALL_SCRIPT='${INSTALL}'
INSTALL_STRIP_PROGRAM='$(install_sh) -c -s'
LDFLAGS=' -L/usr/X11/lib '
LIBOBJS=''
LIBS='-liconv  -lncurses -lX11'
LTLIBOBJS=''
MAKEINFO='${SHELL} /Users/nabe/desktop/tanguband/missing makeinfo'
MKDIR_P='/opt/local/bin/gmkdir -p'
NKF='yes'
OBJEXT='o'
PACKAGE='tanguband'
PACKAGE_BUGREPORT=''
PACKAGE_NAME='tanguband'
PACKAGE_STRING='tanguband 16.0.0'
PACKAGE_TARNAME='tanguband'
PACKAGE_URL=''
PACKAGE_VERSION='16.0.0'
PATH_SEPARATOR=':'
SET_GID_FALSE=''
SET_GID_TRUE='#'
SET_MAKE=''
SHELL='/bin/sh'
STRIP=''
VERSION='16.0.0'
XMKMF=''
X_CFLAGS=' -I/usr/X11/include'
X_EXTRA_LIBS=''
X_LIBS=' -L/usr/X11/lib'
X_PRE_LIBS=' -lSM -lICE'
ac_ct_CC='gcc'
am__EXEEXT_FALSE=''
am__EXEEXT_TRUE='#'
am__fastdepCC_FALSE='#'
am__fastdepCC_TRUE=''
am__include='include'
am__isrc=''
am__leading_dot='.'
am__nodep='_no'
am__quote=''
am__tar='$${TAR-tar} chof - "$$tardir"'
am__untar='$${TAR-tar} xf -'
bindir='..'
build_alias=''
datadir='${datarootdir}'
datarootdir='${prefix}/share'
docdir='${datarootdir}/doc/${PACKAGE_TARNAME}'
dvidir='${docdir}'
exec_prefix='${prefix}'
host_alias=''
htmldir='${docdir}'
includedir='${prefix}/include'
infodir='${datarootdir}/info'
install_sh='${SHELL} /Users/nabe/desktop/tanguband/install-sh'
libdir='${exec_prefix}/lib'
libexecdir='${exec_prefix}/libexec'
localedir='${datarootdir}/locale'
localstatedir='${prefix}/var'
mandir='${datarootdir}/man'
mkdir_p='$(MKDIR_P)'
oldincludedir='/usr/include'
pdfdir='${docdir}'
prefix='/usr/local'
program_transform_name='s,x,x,'
psdir='${docdir}'
sbindir='${exec_prefix}/sbin'
sharedstatedir='${prefix}/com'
sysconfdir='${prefix}/etc'
target_alias=''

## ----------- ##
## confdefs.h. ##
## ----------- ##

/* confdefs.h */
#define PACKAGE_NAME "tanguband"
#define PACKAGE_TARNAME "tanguband"
#define PACKAGE_VERSION "16.0.0"
#define PACKAGE_STRING "tanguband 16.0.0"
#define PACKAGE_BUGREPORT ""
#define PACKAGE_URL ""
#define PACKAGE "tanguband"
#define VERSION "16.0.0"
#define DEFAULT_PATH "./lib/"
#define JP 1
#define EUC 1
#define WORLD_SCORE 1
#define USE_GCU 1
#define USE_NCURSES 1
#define HAVE_LIBICONV 1
#define RNG_DEVICE "/dev/urandom"
#define USE_X11 1
#define USE_FONTSET 1
#define USE_XIM 1
#define USE_LOCALE 1
#define DEFAULT_LOCALE "ja_JP.eucJP"
#define X_LOCALE 1
#define STDC_HEADERS 1
#define HAVE_SYS_TYPES_H 1
#define HAVE_SYS_STAT_H 1
#define HAVE_STDLIB_H 1
#define HAVE_STRING_H 1
#define HAVE_MEMORY_H 1
#define HAVE_STRINGS_H 1
#define HAVE_INTTYPES_H 1
#define HAVE_STDINT_H 1
#define HAVE_UNISTD_H 1
#define HAVE_FCNTL_H 1
#define HAVE_STRINGS_H 1
#define HAVE_SYS_FILE_H 1
#define HAVE_SYS_IOCTL_H 1
#define HAVE_SYS_TIME_H 1
#define HAVE_UNISTD_H 1
#define HAVE_STDINT_H 1
#define TIME_WITH_SYS_TIME 1
#define RETSIGTYPE void
#define HAVE_STRFTIME 1
#define HAVE_VPRINTF 1
#define HAVE_GETHOSTNAME 1
#define HAVE_MKDIR 1
#define HAVE_SELECT 1
#define HAVE_SOCKET 1
#define HAVE_STRTOL 1
#define HAVE_VSNPRINTF 1
#define HAVE_MKSTEMP 1
#define HAVE_USLEEP 1

configure: exit 0
